<?xml version="1.0" encoding="UTF-8"?>
<!-- Generated by org.testng.reporters.JUnitXMLReporter -->
<testsuite ignored="0" hostname="DESKTOP-25552JB" failures="0" tests="3" name="mytest" time="14.21" errors="0" timestamp="2024-01-10T19:08:26 IST">
  <testcase classname="Testngproject.Urbantestnglogin" name="openapplication" time="7.716"/>
  <testcase classname="Testngproject.Urbantestnglogin" name="login" time="3.569"/>
  <testcase classname="Testngproject.Urbantestnglogin" name="logout" time="2.818"/>
</testsuite> <!-- mytest -->
