<?xml version="1.0" encoding="UTF-8"?>
<!-- Generated by org.testng.reporters.JUnitXMLReporter -->
<testsuite ignored="0" hostname="DESKTOP-25552JB" failures="0" tests="4" name="Test" time="70.463" errors="0" timestamp="2024-01-24T03:04:16 IST">
  <testcase classname="ListnersandExtentReports.outlook" name="Title" time="10.331"/>
  <testcase classname="ListnersandExtentReports.outlook" name="logo" time="0.085"/>
  <testcase classname="ListnersandExtentReports.outlook" name="login" time="21.294"/>
  <testcase classname="ListnersandExtentReports.outlook" name="logout" time="31.107"/>
</testsuite> <!-- Test -->
