<?xml version="1.0" encoding="UTF-8"?>
<!-- Generated by org.testng.reporters.JUnitXMLReporter -->
<testsuite ignored="7" hostname="DESKTOP-25552JB" failures="0" tests="3" name="Test name" time="0.304" errors="0" timestamp="2024-01-16T02:20:15 IST">
  <testcase classname="Groupingmethod.Groupbygroup" name="loginbyfacebook" time="0.038"/>
  <testcase classname="Groupingmethod.Groupbygroup" name="loginbytwitter" time="0.005"/>
  <testcase classname="Groupingmethod.Groupbygroup" name="payemnetindollar" time="0.013"/>
  <testcase classname="Groupingmethod.Dataproviderurban" name="login" time="0.0">
    <ignored/>
  </testcase> <!-- login -->
  <testcase classname="Groupingmethod.Groupbygroup" name="paymentinrupees" time="0.0">
    <ignored/>
  </testcase> <!-- paymentinrupees -->
  <testcase classname="Groupingmethod.Groupbygroup" name="singupbyemail" time="0.0">
    <ignored/>
  </testcase> <!-- singupbyemail -->
  <testcase classname="Groupingmethod.Groupbygroup" name="signupbytwitter" time="0.0">
    <ignored/>
  </testcase> <!-- signupbytwitter -->
  <testcase classname="Groupingmethod.Groupbygroup" name="paymentinreturnbybank" time="0.0">
    <ignored/>
  </testcase> <!-- paymentinreturnbybank -->
  <testcase classname="Groupingmethod.Groupbygroup" name="loginbyemail" time="0.0">
    <ignored/>
  </testcase> <!-- loginbyemail -->
  <testcase classname="Groupingmethod.Groupbygroup" name="signupbyfacebook" time="0.0">
    <ignored/>
  </testcase> <!-- signupbyfacebook -->
</testsuite> <!-- Test name -->
