<?xml version="1.0" encoding="UTF-8"?>
<testng-results ignored="0" total="2" passed="2" failed="0" skipped="0">
  <reporter-output>
  </reporter-output>
  <suite started-at="2024-01-25T06:56:36 IST" name="Default suite" finished-at="2024-01-25T06:56:47 IST" duration-ms="10229">
    <groups>
    </groups>
    <test started-at="2024-01-25T06:56:36 IST" name="Default test" finished-at="2024-01-25T06:56:47 IST" duration-ms="10229">
      <class name="PAGEOBJECTMODEL.LoginTest">
        <test-method is-config="true" signature="setup()[pri:0, instance:PAGEOBJECTMODEL.LoginTest@7161d8d1]" started-at="2024-01-25T06:56:36 IST" name="setup" finished-at="2024-01-25T06:56:43 IST" duration-ms="6455" status="PASS">
          <reporter-output>
          </reporter-output>
        </test-method> <!-- setup -->
        <test-method signature="testlogo()[pri:1, instance:PAGEOBJECTMODEL.LoginTest@7161d8d1]" started-at="2024-01-25T06:56:43 IST" name="testlogo" finished-at="2024-01-25T06:56:43 IST" duration-ms="326" status="PASS">
          <reporter-output>
          </reporter-output>
        </test-method> <!-- testlogo -->
        <test-method signature="login()[pri:2, instance:PAGEOBJECTMODEL.LoginTest@7161d8d1]" started-at="2024-01-25T06:56:43 IST" name="login" finished-at="2024-01-25T06:56:46 IST" duration-ms="2832" status="PASS">
          <reporter-output>
          </reporter-output>
        </test-method> <!-- login -->
        <test-method is-config="true" signature="teardown()[pri:0, instance:PAGEOBJECTMODEL.LoginTest@7161d8d1]" started-at="2024-01-25T06:56:46 IST" name="teardown" finished-at="2024-01-25T06:56:47 IST" duration-ms="522" status="PASS">
          <reporter-output>
          </reporter-output>
        </test-method> <!-- teardown -->
      </class> <!-- PAGEOBJECTMODEL.LoginTest -->
    </test> <!-- Default test -->
  </suite> <!-- Default suite -->
</testng-results>
